<?xml version="1.0" encoding="UTF-8"?>
<testng-results ignored="0" total="1" passed="1" failed="0" skipped="0">
  <reporter-output>
    <line>
      <![CDATA[Open]]>
    </line>
    <line>
      <![CDATA[Login]]>
    </line>
    <line>
      <![CDATA[Login]]>
    </line>
    <line>
      <![CDATA[Logout]]>
    </line>
    <line>
      <![CDATA[Close]]>
    </line>
  </reporter-output>
  <suite started-at="2023-10-15T16:49:34 IST" name="Suite" finished-at="2023-10-15T16:50:24 IST" duration-ms="50282">
    <groups>
    </groups>
    <test started-at="2023-10-15T16:49:34 IST" name="Chrome" finished-at="2023-10-15T16:50:24 IST" duration-ms="50282">
      <class name="com.actitime.Github.MyTest">
        <test-method is-config="true" signature="open(java.lang.String)[pri:0, instance:com.actitime.Github.MyTest@101952da]" started-at="2023-10-15T16:49:34 IST" name="open" finished-at="2023-10-15T16:49:36 IST" duration-ms="1578" status="PASS">
          <params>
            <param index="0">
              <value>
                <![CDATA[chrome]]>
              </value>
            </param>
          </params>
          <reporter-output>
            <line>
              <![CDATA[Open]]>
            </line>
          </reporter-output>
        </test-method> <!-- open -->
        <test-method is-config="true" signature="login(java.lang.String)[pri:0, instance:com.actitime.Github.MyTest@101952da]" started-at="2023-10-15T16:49:36 IST" name="login" finished-at="2023-10-15T16:50:09 IST" duration-ms="33434" status="PASS">
          <params>
            <param index="0">
              <value>
                <![CDATA[https://demo.actitime.com/]]>
              </value>
            </param>
          </params>
          <reporter-output>
            <line>
              <![CDATA[Login]]>
            </line>
          </reporter-output>
        </test-method> <!-- login -->
        <test-method signature="facebook()[pri:0, instance:com.actitime.Github.MyTest@101952da]" started-at="2023-10-15T16:50:09 IST" name="facebook" finished-at="2023-10-15T16:50:09 IST" duration-ms="7" status="PASS">
          <reporter-output>
            <line>
              <![CDATA[Login]]>
            </line>
          </reporter-output>
        </test-method> <!-- facebook -->
        <test-method is-config="true" signature="logout()[pri:0, instance:com.actitime.Github.MyTest@101952da]" started-at="2023-10-15T16:50:09 IST" name="logout" finished-at="2023-10-15T16:50:24 IST" duration-ms="14656" status="PASS">
          <reporter-output>
            <line>
              <![CDATA[Logout]]>
            </line>
          </reporter-output>
        </test-method> <!-- logout -->
        <test-method is-config="true" signature="close()[pri:0, instance:com.actitime.Github.MyTest@101952da]" started-at="2023-10-15T16:50:24 IST" name="close" finished-at="2023-10-15T16:50:24 IST" duration-ms="573" status="PASS">
          <reporter-output>
            <line>
              <![CDATA[Close]]>
            </line>
          </reporter-output>
        </test-method> <!-- close -->
      </class> <!-- com.actitime.Github.MyTest -->
    </test> <!-- Chrome -->
  </suite> <!-- Suite -->
</testng-results>
